<?xml version="1.0" encoding="UTF-8"?>
<testsuite xmlns:xsi="http://www.w3.org/2001/XMLSchema-instance" xsi:noNamespaceSchemaLocation="https://maven.apache.org/surefire/maven-surefire-plugin/xsd/surefire-test-report.xsd" name="TestSuite" time="2.002" tests="1" errors="0" skipped="0" failures="0">
  <properties>
    <property name="gopherProxySet" value="false"/>
    <property name="awt.toolkit" value="sun.lwawt.macosx.LWCToolkit"/>
    <property name="java.specification.version" value="11"/>
    <property name="sun.cpu.isalist" value=""/>
    <property name="sun.jnu.encoding" value="UTF-8"/>
    <property name="java.class.path" value="/Users/SindhuReddy/Desktop/testsqevam/target/test-classes:/Users/SindhuReddy/Desktop/testsqevam/target/classes:/Users/SindhuReddy/.m2/repository/com/google/code/gson/gson/2.8.2/gson-2.8.2.jar:/Users/SindhuReddy/.m2/repository/junit/junit/4.11/junit-4.11.jar:/Users/SindhuReddy/.m2/repository/org/hamcrest/hamcrest-core/1.3/hamcrest-core-1.3.jar:/Users/SindhuReddy/.m2/repository/com/relevantcodes/extentreports/2.41.1/extentreports-2.41.1.jar:/Users/SindhuReddy/.m2/repository/org/jsoup/jsoup/1.8.3/jsoup-1.8.3.jar:/Users/SindhuReddy/.m2/repository/org/xerial/sqlite-jdbc/3.8.11.1/sqlite-jdbc-3.8.11.1.jar:/Users/SindhuReddy/.m2/repository/org/freemarker/freemarker/2.3.23/freemarker-2.3.23.jar:/Users/SindhuReddy/.m2/repository/org/mongodb/mongodb-driver/3.0.4/mongodb-driver-3.0.4.jar:/Users/SindhuReddy/.m2/repository/org/mongodb/bson/3.0.4/bson-3.0.4.jar:/Users/SindhuReddy/.m2/repository/org/mongodb/mongodb-driver-core/3.0.4/mongodb-driver-core-3.0.4.jar:/Users/SindhuReddy/.m2/repository/org/testng/testng/6.14.3/testng-6.14.3.jar:/Users/SindhuReddy/.m2/repository/com/beust/jcommander/1.72/jcommander-1.72.jar:/Users/SindhuReddy/.m2/repository/org/apache-extras/beanshell/bsh/2.0b6/bsh-2.0b6.jar:/Users/SindhuReddy/.m2/repository/com/couchbase/client/java-client/2.7.9/java-client-2.7.9.jar:/Users/SindhuReddy/.m2/repository/com/couchbase/client/core-io/1.7.9/core-io-1.7.9.jar:/Users/SindhuReddy/.m2/repository/io/reactivex/rxjava/1.3.8/rxjava-1.3.8.jar:/Users/SindhuReddy/.m2/repository/io/opentracing/opentracing-api/0.31.0/opentracing-api-0.31.0.jar:/Users/SindhuReddy/.m2/repository/com/jayway/jsonpath/json-path/2.4.0/json-path-2.4.0.jar:/Users/SindhuReddy/.m2/repository/net/minidev/json-smart/2.3/json-smart-2.3.jar:/Users/SindhuReddy/.m2/repository/net/minidev/accessors-smart/1.2/accessors-smart-1.2.jar:/Users/SindhuReddy/.m2/repository/org/ow2/asm/asm/5.0.4/asm-5.0.4.jar:/Users/SindhuReddy/.m2/repository/org/slf4j/slf4j-api/1.7.25/slf4j-api-1.7.25.jar:/Users/SindhuReddy/.m2/repository/com/googlecode/json-simple/json-simple/1.1.1/json-simple-1.1.1.jar:/Users/SindhuReddy/.m2/repository/io/rest-assured/rest-assured/4.1.2/rest-assured-4.1.2.jar:/Users/SindhuReddy/.m2/repository/org/codehaus/groovy/groovy/2.5.8/groovy-2.5.8.jar:/Users/SindhuReddy/.m2/repository/org/codehaus/groovy/groovy-xml/2.5.8/groovy-xml-2.5.8.jar:/Users/SindhuReddy/.m2/repository/org/apache/httpcomponents/httpclient/4.5.3/httpclient-4.5.3.jar:/Users/SindhuReddy/.m2/repository/org/apache/httpcomponents/httpcore/4.4.6/httpcore-4.4.6.jar:/Users/SindhuReddy/.m2/repository/commons-logging/commons-logging/1.2/commons-logging-1.2.jar:/Users/SindhuReddy/.m2/repository/org/apache/httpcomponents/httpmime/4.5.3/httpmime-4.5.3.jar:/Users/SindhuReddy/.m2/repository/org/hamcrest/hamcrest/2.1/hamcrest-2.1.jar:/Users/SindhuReddy/.m2/repository/org/ccil/cowan/tagsoup/tagsoup/1.2.1/tagsoup-1.2.1.jar:/Users/SindhuReddy/.m2/repository/io/rest-assured/json-path/4.1.2/json-path-4.1.2.jar:/Users/SindhuReddy/.m2/repository/org/codehaus/groovy/groovy-json/2.5.8/groovy-json-2.5.8.jar:/Users/SindhuReddy/.m2/repository/io/rest-assured/rest-assured-common/4.1.2/rest-assured-common-4.1.2.jar:/Users/SindhuReddy/.m2/repository/io/rest-assured/xml-path/4.1.2/xml-path-4.1.2.jar:/Users/SindhuReddy/.m2/repository/org/apache/commons/commons-lang3/3.4/commons-lang3-3.4.jar:/Users/SindhuReddy/.m2/repository/javax/xml/bind/jaxb-api/2.3.1/jaxb-api-2.3.1.jar:/Users/SindhuReddy/.m2/repository/javax/activation/javax.activation-api/1.2.0/javax.activation-api-1.2.0.jar:/Users/SindhuReddy/.m2/repository/com/sun/xml/bind/jaxb-osgi/2.3.0.1/jaxb-osgi-2.3.0.1.jar:/Users/SindhuReddy/.m2/repository/org/apache/sling/org.apache.sling.javax.activation/0.1.0/org.apache.sling.javax.activation-0.1.0.jar:/Users/SindhuReddy/.m2/repository/javax/activation/activation/1.1.1/activation-1.1.1.jar:/Users/SindhuReddy/.m2/repository/org/apache/poi/poi/4.1.0/poi-4.1.0.jar:/Users/SindhuReddy/.m2/repository/commons-codec/commons-codec/1.12/commons-codec-1.12.jar:/Users/SindhuReddy/.m2/repository/org/apache/commons/commons-collections4/4.3/commons-collections4-4.3.jar:/Users/SindhuReddy/.m2/repository/org/apache/commons/commons-math3/3.6.1/commons-math3-3.6.1.jar:/Users/SindhuReddy/.m2/repository/org/apache/poi/poi-ooxml/4.1.0/poi-ooxml-4.1.0.jar:/Users/SindhuReddy/.m2/repository/org/apache/poi/poi-ooxml-schemas/4.1.0/poi-ooxml-schemas-4.1.0.jar:/Users/SindhuReddy/.m2/repository/org/apache/xmlbeans/xmlbeans/3.1.0/xmlbeans-3.1.0.jar:/Users/SindhuReddy/.m2/repository/org/apache/commons/commons-compress/1.18/commons-compress-1.18.jar:/Users/SindhuReddy/.m2/repository/com/github/virtuald/curvesapi/1.06/curvesapi-1.06.jar:"/>
    <property name="java.vm.vendor" value="Oracle Corporation"/>
    <property name="sun.arch.data.model" value="64"/>
    <property name="java.vendor.url" value="http://java.oracle.com/"/>
    <property name="user.timezone" value=""/>
    <property name="java.vm.specification.version" value="11"/>
    <property name="os.name" value="Mac OS X"/>
    <property name="sun.java.launcher" value="SUN_STANDARD"/>
    <property name="user.country" value="US"/>
    <property name="sun.boot.library.path" value="/Users/SindhuReddy/Downloads/jdk-11.jdk/Contents/Home/lib"/>
    <property name="sun.java.command" value="/Users/SindhuReddy/Desktop/testsqevam/target/surefire/surefirebooter12824044880911359367.jar /Users/SindhuReddy/Desktop/testsqevam/target/surefire 2019-12-04T16-39-51_826-jvmRun1 surefire11867171950593257925tmp surefire_06685994908121355489tmp"/>
    <property name="jdk.debug" value="release"/>
    <property name="surefire.test.class.path" value="/Users/SindhuReddy/Desktop/testsqevam/target/test-classes:/Users/SindhuReddy/Desktop/testsqevam/target/classes:/Users/SindhuReddy/.m2/repository/com/google/code/gson/gson/2.8.2/gson-2.8.2.jar:/Users/SindhuReddy/.m2/repository/junit/junit/4.11/junit-4.11.jar:/Users/SindhuReddy/.m2/repository/org/hamcrest/hamcrest-core/1.3/hamcrest-core-1.3.jar:/Users/SindhuReddy/.m2/repository/com/relevantcodes/extentreports/2.41.1/extentreports-2.41.1.jar:/Users/SindhuReddy/.m2/repository/org/jsoup/jsoup/1.8.3/jsoup-1.8.3.jar:/Users/SindhuReddy/.m2/repository/org/xerial/sqlite-jdbc/3.8.11.1/sqlite-jdbc-3.8.11.1.jar:/Users/SindhuReddy/.m2/repository/org/freemarker/freemarker/2.3.23/freemarker-2.3.23.jar:/Users/SindhuReddy/.m2/repository/org/mongodb/mongodb-driver/3.0.4/mongodb-driver-3.0.4.jar:/Users/SindhuReddy/.m2/repository/org/mongodb/bson/3.0.4/bson-3.0.4.jar:/Users/SindhuReddy/.m2/repository/org/mongodb/mongodb-driver-core/3.0.4/mongodb-driver-core-3.0.4.jar:/Users/SindhuReddy/.m2/repository/org/testng/testng/6.14.3/testng-6.14.3.jar:/Users/SindhuReddy/.m2/repository/com/beust/jcommander/1.72/jcommander-1.72.jar:/Users/SindhuReddy/.m2/repository/org/apache-extras/beanshell/bsh/2.0b6/bsh-2.0b6.jar:/Users/SindhuReddy/.m2/repository/com/couchbase/client/java-client/2.7.9/java-client-2.7.9.jar:/Users/SindhuReddy/.m2/repository/com/couchbase/client/core-io/1.7.9/core-io-1.7.9.jar:/Users/SindhuReddy/.m2/repository/io/reactivex/rxjava/1.3.8/rxjava-1.3.8.jar:/Users/SindhuReddy/.m2/repository/io/opentracing/opentracing-api/0.31.0/opentracing-api-0.31.0.jar:/Users/SindhuReddy/.m2/repository/com/jayway/jsonpath/json-path/2.4.0/json-path-2.4.0.jar:/Users/SindhuReddy/.m2/repository/net/minidev/json-smart/2.3/json-smart-2.3.jar:/Users/SindhuReddy/.m2/repository/net/minidev/accessors-smart/1.2/accessors-smart-1.2.jar:/Users/SindhuReddy/.m2/repository/org/ow2/asm/asm/5.0.4/asm-5.0.4.jar:/Users/SindhuReddy/.m2/repository/org/slf4j/slf4j-api/1.7.25/slf4j-api-1.7.25.jar:/Users/SindhuReddy/.m2/repository/com/googlecode/json-simple/json-simple/1.1.1/json-simple-1.1.1.jar:/Users/SindhuReddy/.m2/repository/io/rest-assured/rest-assured/4.1.2/rest-assured-4.1.2.jar:/Users/SindhuReddy/.m2/repository/org/codehaus/groovy/groovy/2.5.8/groovy-2.5.8.jar:/Users/SindhuReddy/.m2/repository/org/codehaus/groovy/groovy-xml/2.5.8/groovy-xml-2.5.8.jar:/Users/SindhuReddy/.m2/repository/org/apache/httpcomponents/httpclient/4.5.3/httpclient-4.5.3.jar:/Users/SindhuReddy/.m2/repository/org/apache/httpcomponents/httpcore/4.4.6/httpcore-4.4.6.jar:/Users/SindhuReddy/.m2/repository/commons-logging/commons-logging/1.2/commons-logging-1.2.jar:/Users/SindhuReddy/.m2/repository/org/apache/httpcomponents/httpmime/4.5.3/httpmime-4.5.3.jar:/Users/SindhuReddy/.m2/repository/org/hamcrest/hamcrest/2.1/hamcrest-2.1.jar:/Users/SindhuReddy/.m2/repository/org/ccil/cowan/tagsoup/tagsoup/1.2.1/tagsoup-1.2.1.jar:/Users/SindhuReddy/.m2/repository/io/rest-assured/json-path/4.1.2/json-path-4.1.2.jar:/Users/SindhuReddy/.m2/repository/org/codehaus/groovy/groovy-json/2.5.8/groovy-json-2.5.8.jar:/Users/SindhuReddy/.m2/repository/io/rest-assured/rest-assured-common/4.1.2/rest-assured-common-4.1.2.jar:/Users/SindhuReddy/.m2/repository/io/rest-assured/xml-path/4.1.2/xml-path-4.1.2.jar:/Users/SindhuReddy/.m2/repository/org/apache/commons/commons-lang3/3.4/commons-lang3-3.4.jar:/Users/SindhuReddy/.m2/repository/javax/xml/bind/jaxb-api/2.3.1/jaxb-api-2.3.1.jar:/Users/SindhuReddy/.m2/repository/javax/activation/javax.activation-api/1.2.0/javax.activation-api-1.2.0.jar:/Users/SindhuReddy/.m2/repository/com/sun/xml/bind/jaxb-osgi/2.3.0.1/jaxb-osgi-2.3.0.1.jar:/Users/SindhuReddy/.m2/repository/org/apache/sling/org.apache.sling.javax.activation/0.1.0/org.apache.sling.javax.activation-0.1.0.jar:/Users/SindhuReddy/.m2/repository/javax/activation/activation/1.1.1/activation-1.1.1.jar:/Users/SindhuReddy/.m2/repository/org/apache/poi/poi/4.1.0/poi-4.1.0.jar:/Users/SindhuReddy/.m2/repository/commons-codec/commons-codec/1.12/commons-codec-1.12.jar:/Users/SindhuReddy/.m2/repository/org/apache/commons/commons-collections4/4.3/commons-collections4-4.3.jar:/Users/SindhuReddy/.m2/repository/org/apache/commons/commons-math3/3.6.1/commons-math3-3.6.1.jar:/Users/SindhuReddy/.m2/repository/org/apache/poi/poi-ooxml/4.1.0/poi-ooxml-4.1.0.jar:/Users/SindhuReddy/.m2/repository/org/apache/poi/poi-ooxml-schemas/4.1.0/poi-ooxml-schemas-4.1.0.jar:/Users/SindhuReddy/.m2/repository/org/apache/xmlbeans/xmlbeans/3.1.0/xmlbeans-3.1.0.jar:/Users/SindhuReddy/.m2/repository/org/apache/commons/commons-compress/1.18/commons-compress-1.18.jar:/Users/SindhuReddy/.m2/repository/com/github/virtuald/curvesapi/1.06/curvesapi-1.06.jar:"/>
    <property name="sun.cpu.endian" value="little"/>
    <property name="user.home" value="/Users/SindhuReddy"/>
    <property name="user.language" value="en"/>
    <property name="java.specification.vendor" value="Oracle Corporation"/>
    <property name="java.version.date" value="2018-09-25"/>
    <property name="java.home" value="/Users/SindhuReddy/Downloads/jdk-11.jdk/Contents/Home"/>
    <property name="file.separator" value="/"/>
    <property name="basedir" value="/Users/SindhuReddy/Desktop/testsqevam"/>
    <property name="java.vm.compressedOopsMode" value="Zero based"/>
    <property name="line.separator" value="&#10;"/>
    <property name="java.specification.name" value="Java Platform API Specification"/>
    <property name="java.vm.specification.vendor" value="Oracle Corporation"/>
    <property name="java.awt.graphicsenv" value="sun.awt.CGraphicsEnvironment"/>
    <property name="surefire.real.class.path" value="/Users/SindhuReddy/Desktop/testsqevam/target/surefire/surefirebooter12824044880911359367.jar"/>
    <property name="sun.management.compiler" value="HotSpot 64-Bit Tiered Compilers"/>
    <property name="java.runtime.version" value="11+28"/>
    <property name="user.name" value="SindhuReddy"/>
    <property name="path.separator" value=":"/>
    <property name="os.version" value="10.14.6"/>
    <property name="java.runtime.name" value="OpenJDK Runtime Environment"/>
    <property name="file.encoding" value="UTF-8"/>
    <property name="java.vm.name" value="OpenJDK 64-Bit Server VM"/>
    <property name="java.vendor.version" value="18.9"/>
    <property name="localRepository" value="/Users/SindhuReddy/.m2/repository"/>
    <property name="java.vendor.url.bug" value="http://bugreport.java.com/bugreport/"/>
    <property name="java.io.tmpdir" value="/var/folders/8x/jh0mvzm51q708lvc5wz42wy80000gp/T/"/>
    <property name="java.version" value="11"/>
    <property name="user.dir" value="/Users/SindhuReddy/Desktop/testsqevam"/>
    <property name="os.arch" value="x86_64"/>
    <property name="java.vm.specification.name" value="Java Virtual Machine Specification"/>
    <property name="java.awt.printerjob" value="sun.lwawt.macosx.CPrinterJob"/>
    <property name="sun.os.patch.level" value="unknown"/>
    <property name="java.library.path" value="/Users/SindhuReddy/Library/Java/Extensions:/Library/Java/Extensions:/Network/Library/Java/Extensions:/System/Library/Java/Extensions:/usr/lib/java:."/>
    <property name="java.vendor" value="Oracle Corporation"/>
    <property name="java.vm.info" value="mixed mode"/>
    <property name="java.vm.version" value="11+28"/>
    <property name="sun.io.unicode.encoding" value="UnicodeBig"/>
    <property name="java.class.version" value="55.0"/>
  </properties>
  <testcase name="readDataFromFile" classname="vamservice.tests.Validate_VamRequestTest" time="1.463"/>
</testsuite>