<?xml version="1.0" encoding="UTF-8"?>
<!-- Generated by org.testng.reporters.JUnitReportReporter -->
<testsuite hostname="USHFLMZ33B7LVML" failures="0" tests="1" name="vamservice.tests.Validate_VamRequestTest" time="1.388" errors="0" timestamp="05 Dec 2019 03:08:23 GMT" skipped="0">
  <testcase classname="vamservice.tests.Validate_VamRequestTest" name="readDataFromFile" time="1.388"/>
</testsuite> <!-- vamservice.tests.Validate_VamRequestTest -->
